  源.cpp
c:\users\jx_zhang\desktop\软公鸡\软公鸡结对项目\createexpression\calculator\calculator\fraction.h(43): error C3646: “IntoString”: 未知重写说明符
c:\users\jx_zhang\desktop\软公鸡\软公鸡结对项目\createexpression\calculator\calculator\fraction.h(43): error C2059: 语法错误:“(”
c:\users\jx_zhang\desktop\软公鸡\软公鸡结对项目\createexpression\calculator\calculator\fraction.h(44): error C2334: “{”的前面有意外标记；跳过明显的函数体
c:\users\jx_zhang\desktop\软公鸡\软公鸡结对项目\createexpression\calculator\calculator\fraction.h(127): error C3646: “String”: 未知重写说明符
c:\users\jx_zhang\desktop\软公鸡\软公鸡结对项目\createexpression\calculator\calculator\fraction.h(127): error C2059: 语法错误:“(”
c:\users\jx_zhang\desktop\软公鸡\软公鸡结对项目\createexpression\calculator\calculator\fraction.h(128): error C2334: “{”的前面有意外标记；跳过明显的函数体
c:\users\jx_zhang\desktop\软公鸡\软公鸡结对项目\createexpression\calculator\calculator\createexpression.h : warning C4819: 该文件包含不能在当前代码页(936)中表示的字符。请将该文件保存为 Unicode 格式以防止数据丢失
c:\users\jx_zhang\desktop\软公鸡\软公鸡结对项目\createexpression\calculator\calculator\random.h : warning C4819: 该文件包含不能在当前代码页(936)中表示的字符。请将该文件保存为 Unicode 格式以防止数据丢失
c:\users\jx_zhang\desktop\软公鸡\软公鸡结对项目\createexpression\calculator\calculator\linklist.h : warning C4819: 该文件包含不能在当前代码页(936)中表示的字符。请将该文件保存为 Unicode 格式以防止数据丢失
c:\users\jx_zhang\desktop\软公鸡\软公鸡结对项目\createexpression\calculator\calculator\probabilitybox.h : warning C4819: 该文件包含不能在当前代码页(936)中表示的字符。请将该文件保存为 Unicode 格式以防止数据丢失
c:\users\jx_zhang\desktop\软公鸡\软公鸡结对项目\createexpression\calculator\calculator\createexpression.h(203): error C2039: “String”: 不是“Fraction”的成员
  c:\users\jx_zhang\desktop\软公鸡\软公鸡结对项目\createexpression\calculator\calculator\fraction.h(9): note: 参见“Fraction”的声明
c:\users\jx_zhang\desktop\软公鸡\软公鸡结对项目\createexpression\calculator\calculator\expression.h(28): warning C4018: “<”: 有符号/无符号不匹配
c:\users\jx_zhang\desktop\软公鸡\软公鸡结对项目\createexpression\calculator\calculator\expression.h(31): warning C4018: “<”: 有符号/无符号不匹配
c:\users\jx_zhang\desktop\软公鸡\软公鸡结对项目\createexpression\calculator\calculator\expression.h(36): warning C4018: “<”: 有符号/无符号不匹配
c:\users\jx_zhang\desktop\软公鸡\软公鸡结对项目\createexpression\calculator\calculator\expression.h(40): warning C4996: 'strcat': This function or variable may be unsafe. Consider using strcat_s instead. To disable deprecation, use _CRT_SECURE_NO_WARNINGS. See online help for details.
  c:\program files (x86)\windows kits\10\include\10.0.10240.0\ucrt\string.h(90): note: 参见“strcat”的声明
c:\users\jx_zhang\desktop\软公鸡\软公鸡结对项目\createexpression\calculator\calculator\expression.h(177): warning C4018: “<”: 有符号/无符号不匹配
c:\users\jx_zhang\desktop\软公鸡\软公鸡结对项目\createexpression\calculator\calculator\expression.h(187): warning C4551: 缺少参数列表的函数调用
c:\users\jx_zhang\desktop\软公鸡\软公鸡结对项目\createexpression\calculator\calculator\expression.h(187): error C3867: “Fraction::isInteger”: 非标准语法；请使用 "&" 来创建指向成员的指针
c:\users\jx_zhang\desktop\软公鸡\软公鸡结对项目\createexpression\calculator\calculator\expression.h(195): warning C4996: 'strcpy': This function or variable may be unsafe. Consider using strcpy_s instead. To disable deprecation, use _CRT_SECURE_NO_WARNINGS. See online help for details.
  c:\program files (x86)\windows kits\10\include\10.0.10240.0\ucrt\string.h(119): note: 参见“strcpy”的声明
